-------------------------------------------------------------------------------
Test set: TestSuite
-------------------------------------------------------------------------------
Tests run: 13, Failures: 1, Errors: 0, Skipped: 12, Time elapsed: 52.164 s <<< FAILURE! - in TestSuite
Extest.TestClass.launch  Time elapsed: 47.78 s  <<< FAILURE!
org.openqa.selenium.SessionNotCreatedException: 
Unable to create a new remote session. Please check the server log for more details. Original error: An unknown server-side error occurred while processing the command. Original error: Error executing adbExec. Original error: 'Command 'C:\\Users\\Administrator\\AppData\\Local\\Android\\Sdk\\platform-tools\\adb.exe -P 5037 -s emulator-5554 install -g C:\\Users\\Administrator\\AppData\\Roaming\\npm\\node_modules\\appium\\node_modules\\io.appium.settings\\apks\\settings_apk-debug.apk' exited with code 1'; Command output: adb: failed to install C:\Users\Administrator\AppData\Roaming\npm\node_modules\appium\node_modules\io.appium.settings\apks\settings_apk-debug.apk: cmd: Can't find service: package

Build info: version: '3.141.59', revision: 'e82be7d358', time: '2018-11-14T08:17:03'
System info: host: 'DESKTOP-KU0MUL7', ip: '192.168.1.253', os.name: 'Windows 11', os.arch: 'amd64', os.version: '10.0', java.version: '18.0.1.1'
Driver info: driver.version: AndroidDriver
remote stacktrace: UnknownError: An unknown server-side error occurred while processing the command. Original error: Error executing adbExec. Original error: 'Command 'C:\\Users\\Administrator\\AppData\\Local\\Android\\Sdk\\platform-tools\\adb.exe -P 5037 -s emulator-5554 install -g C:\\Users\\Administrator\\AppData\\Roaming\\npm\\node_modules\\appium\\node_modules\\io.appium.settings\\apks\\settings_apk-debug.apk' exited with code 1'; Command output: adb: failed to install C:\Users\Administrator\AppData\Roaming\npm\node_modules\appium\node_modules\io.appium.settings\apks\settings_apk-debug.apk: cmd: Can't find service: package

    at getResponseForW3CError (C:\Users\Administrator\AppData\Roaming\npm\node_modules\appium\node_modules\appium-base-driver\lib\protocol\errors.js:804:9)
    at asyncHandler (C:\Users\Administrator\AppData\Roaming\npm\node_modules\appium\node_modules\appium-base-driver\lib\protocol\protocol.js:380:37)
Build info: version: '3.141.59', revision: 'e82be7d358', time: '2018-11-14T08:17:03'
System info: host: 'DESKTOP-KU0MUL7', ip: '192.168.1.253', os.name: 'Windows 11', os.arch: 'amd64', os.version: '10.0', java.version: '18.0.1.1'
Driver info: driver.version: AndroidDriver
	at Extest.TestClass.launch(TestClass.java:51)
Caused by: java.lang.reflect.InvocationTargetException
	at Extest.TestClass.launch(TestClass.java:51)
Caused by: org.openqa.selenium.WebDriverException: 
An unknown server-side error occurred while processing the command. Original error: Error executing adbExec. Original error: 'Command 'C:\\Users\\Administrator\\AppData\\Local\\Android\\Sdk\\platform-tools\\adb.exe -P 5037 -s emulator-5554 install -g C:\\Users\\Administrator\\AppData\\Roaming\\npm\\node_modules\\appium\\node_modules\\io.appium.settings\\apks\\settings_apk-debug.apk' exited with code 1'; Command output: adb: failed to install C:\Users\Administrator\AppData\Roaming\npm\node_modules\appium\node_modules\io.appium.settings\apks\settings_apk-debug.apk: cmd: Can't find service: package

Build info: version: '3.141.59', revision: 'e82be7d358', time: '2018-11-14T08:17:03'
System info: host: 'DESKTOP-KU0MUL7', ip: '192.168.1.253', os.name: 'Windows 11', os.arch: 'amd64', os.version: '10.0', java.version: '18.0.1.1'
Driver info: driver.version: AndroidDriver
remote stacktrace: UnknownError: An unknown server-side error occurred while processing the command. Original error: Error executing adbExec. Original error: 'Command 'C:\\Users\\Administrator\\AppData\\Local\\Android\\Sdk\\platform-tools\\adb.exe -P 5037 -s emulator-5554 install -g C:\\Users\\Administrator\\AppData\\Roaming\\npm\\node_modules\\appium\\node_modules\\io.appium.settings\\apks\\settings_apk-debug.apk' exited with code 1'; Command output: adb: failed to install C:\Users\Administrator\AppData\Roaming\npm\node_modules\appium\node_modules\io.appium.settings\apks\settings_apk-debug.apk: cmd: Can't find service: package

    at getResponseForW3CError (C:\Users\Administrator\AppData\Roaming\npm\node_modules\appium\node_modules\appium-base-driver\lib\protocol\errors.js:804:9)
    at asyncHandler (C:\Users\Administrator\AppData\Roaming\npm\node_modules\appium\node_modules\appium-base-driver\lib\protocol\protocol.js:380:37)
	at Extest.TestClass.launch(TestClass.java:51)

