<?xml version="1.0" encoding="UTF-8"?>
<testsuite xmlns:xsi="http://www.w3.org/2001/XMLSchema-instance" xsi:noNamespaceSchemaLocation="https://maven.apache.org/surefire/maven-surefire-plugin/xsd/surefire-test-report-3.0.xsd" version="3.0" name="TestSuite" time="52.164" tests="13" errors="0" skipped="12" failures="1">
  <properties>
[...]
</properties>
  <testcase name="launch" classname="Extest.TestClass" time="47.78">
    <failure message="Unable to create a new remote session. Please check the server log for more details. Original error: An unknown server-side error occurred while processing the command. Original error: Error executing adbExec. Original error: &apos;Command &apos;C:\\Users\\Administrator\\AppData\\Local\\Android\\Sdk\\platform-tools\\adb.exe -P 5037 -s emulator-5554 install -g C:\\Users\\Administrator\\AppData\\Roaming\\npm\\node_modules\\appium\\node_modules\\io.appium.settings\\apks\\settings_apk-debug.apk&apos; exited with code 1&apos;; Command output: adb: failed to install C:\Users\Administrator\AppData\Roaming\npm\node_modules\appium\node_modules\io.appium.settings\apks\settings_apk-debug.apk: cmd: Can&apos;t find service: package&#10;&#10;Build info: version: &apos;3.141.59&apos;, revision: &apos;e82be7d358&apos;, time: &apos;2018-11-14T08:17:03&apos;&#10;System info: host: &apos;DESKTOP-KU0MUL7&apos;, ip: &apos;192.168.1.253&apos;, os.name: &apos;Windows 11&apos;, os.arch: &apos;amd64&apos;, os.version: &apos;10.0&apos;, java.version: &apos;18.0.1.1&apos;&#10;Driver info: driver.version: AndroidDriver&#10;remote stacktrace: UnknownError: An unknown server-side error occurred while processing the command. Original error: Error executing adbExec. Original error: &apos;Command &apos;C:\\Users\\Administrator\\AppData\\Local\\Android\\Sdk\\platform-tools\\adb.exe -P 5037 -s emulator-5554 install -g C:\\Users\\Administrator\\AppData\\Roaming\\npm\\node_modules\\appium\\node_modules\\io.appium.settings\\apks\\settings_apk-debug.apk&apos; exited with code 1&apos;; Command output: adb: failed to install C:\Users\Administrator\AppData\Roaming\npm\node_modules\appium\node_modules\io.appium.settings\apks\settings_apk-debug.apk: cmd: Can&apos;t find service: package&#10;&#10;    at getResponseForW3CError (C:\Users\Administrator\AppData\Roaming\npm\node_modules\appium\node_modules\appium-base-driver\lib\protocol\errors.js:804:9)&#10;    at asyncHandler (C:\Users\Administrator\AppData\Roaming\npm\node_modules\appium\node_modules\appium-base-driver\lib\protocol\protocol.js:380:37)&#10;Build info: version: &apos;3.141.59&apos;, revision: &apos;e82be7d358&apos;, time: &apos;2018-11-14T08:17:03&apos;&#10;System info: host: &apos;DESKTOP-KU0MUL7&apos;, ip: &apos;192.168.1.253&apos;, os.name: &apos;Windows 11&apos;, os.arch: &apos;amd64&apos;, os.version: &apos;10.0&apos;, java.version: &apos;18.0.1.1&apos;&#10;Driver info: driver.version: AndroidDriver" type="org.openqa.selenium.SessionNotCreatedException"><![CDATA[org.openqa.selenium.SessionNotCreatedException: 
Unable to create a new remote session. Please check the server log for more details. Original error: An unknown server-side error occurred while processing the command. Original error: Error executing adbExec. Original error: 'Command 'C:\\Users\\Administrator\\AppData\\Local\\Android\\Sdk\\platform-tools\\adb.exe -P 5037 -s emulator-5554 install -g C:\\Users\\Administrator\\AppData\\Roaming\\npm\\node_modules\\appium\\node_modules\\io.appium.settings\\apks\\settings_apk-debug.apk' exited with code 1'; Command output: adb: failed to install C:\Users\Administrator\AppData\Roaming\npm\node_modules\appium\node_modules\io.appium.settings\apks\settings_apk-debug.apk: cmd: Can't find service: package

Build info: version: '3.141.59', revision: 'e82be7d358', time: '2018-11-14T08:17:03'
System info: host: 'DESKTOP-KU0MUL7', ip: '192.168.1.253', os.name: 'Windows 11', os.arch: 'amd64', os.version: '10.0', java.version: '18.0.1.1'
Driver info: driver.version: AndroidDriver
remote stacktrace: UnknownError: An unknown server-side error occurred while processing the command. Original error: Error executing adbExec. Original error: 'Command 'C:\\Users\\Administrator\\AppData\\Local\\Android\\Sdk\\platform-tools\\adb.exe -P 5037 -s emulator-5554 install -g C:\\Users\\Administrator\\AppData\\Roaming\\npm\\node_modules\\appium\\node_modules\\io.appium.settings\\apks\\settings_apk-debug.apk' exited with code 1'; Command output: adb: failed to install C:\Users\Administrator\AppData\Roaming\npm\node_modules\appium\node_modules\io.appium.settings\apks\settings_apk-debug.apk: cmd: Can't find service: package

    at getResponseForW3CError (C:\Users\Administrator\AppData\Roaming\npm\node_modules\appium\node_modules\appium-base-driver\lib\protocol\errors.js:804:9)
    at asyncHandler (C:\Users\Administrator\AppData\Roaming\npm\node_modules\appium\node_modules\appium-base-driver\lib\protocol\protocol.js:380:37)
Build info: version: '3.141.59', revision: 'e82be7d358', time: '2018-11-14T08:17:03'
System info: host: 'DESKTOP-KU0MUL7', ip: '192.168.1.253', os.name: 'Windows 11', os.arch: 'amd64', os.version: '10.0', java.version: '18.0.1.1'
Driver info: driver.version: AndroidDriver
	at Extest.TestClass.launch(TestClass.java:51)
Caused by: java.lang.reflect.InvocationTargetException
	at Extest.TestClass.launch(TestClass.java:51)
Caused by: org.openqa.selenium.WebDriverException: 
An unknown server-side error occurred while processing the command. Original error: Error executing adbExec. Original error: 'Command 'C:\\Users\\Administrator\\AppData\\Local\\Android\\Sdk\\platform-tools\\adb.exe -P 5037 -s emulator-5554 install -g C:\\Users\\Administrator\\AppData\\Roaming\\npm\\node_modules\\appium\\node_modules\\io.appium.settings\\apks\\settings_apk-debug.apk' exited with code 1'; Command output: adb: failed to install C:\Users\Administrator\AppData\Roaming\npm\node_modules\appium\node_modules\io.appium.settings\apks\settings_apk-debug.apk: cmd: Can't find service: package

Build info: version: '3.141.59', revision: 'e82be7d358', time: '2018-11-14T08:17:03'
System info: host: 'DESKTOP-KU0MUL7', ip: '192.168.1.253', os.name: 'Windows 11', os.arch: 'amd64', os.version: '10.0', java.version: '18.0.1.1'
Driver info: driver.version: AndroidDriver
remote stacktrace: UnknownError: An unknown server-side error occurred while processing the command. Original error: Error executing adbExec. Original error: 'Command 'C:\\Users\\Administrator\\AppData\\Local\\Android\\Sdk\\platform-tools\\adb.exe -P 5037 -s emulator-5554 install -g C:\\Users\\Administrator\\AppData\\Roaming\\npm\\node_modules\\appium\\node_modules\\io.appium.settings\\apks\\settings_apk-debug.apk' exited with code 1'; Command output: adb: failed to install C:\Users\Administrator\AppData\Roaming\npm\node_modules\appium\node_modules\io.appium.settings\apks\settings_apk-debug.apk: cmd: Can't find service: package

    at getResponseForW3CError (C:\Users\Administrator\AppData\Roaming\npm\node_modules\appium\node_modules\appium-base-driver\lib\protocol\errors.js:804:9)
    at asyncHandler (C:\Users\Administrator\AppData\Roaming\npm\node_modules\appium\node_modules\appium-base-driver\lib\protocol\protocol.js:380:37)
	at Extest.TestClass.launch(TestClass.java:51)
]]></failure>
    <system-out><![CDATA[&amp#27;[35m[Appium]&amp#27;[39m Welcome to Appium v1.22.3
&amp#27;[35m[Appium]&amp#27;[39m Appium REST http interface listener started on 0.0.0.0:4723
&amp#27;[35m[HTTP]&amp#27;[39m &amp#27;[37m-->&amp#27;[39m &amp#27;[37mGET&amp#27;[39m &amp#27;[37m/wd/hub/status&amp#27;[39m
&amp#27;[35m[HTTP]&amp#27;[39m &amp#27;[90m{}&amp#27;[39m
[debug] &amp#27;[35m[GENERIC]&amp#27;[39m Calling AppiumDriver.getStatus() with args: []
[debug] &amp#27;[35m[GENERIC]&amp#27;[39m Responding to client with driver.getStatus() result: {"build":{"version":"1.22.3"}}
&amp#27;[35m[HTTP]&amp#27;[39m &amp#27;[37m<-- GET /wd/hub/status &amp#27;[39m&amp#27;[32m200&amp#27;[39m &amp#27;[90m276 ms - 68&amp#27;[39m
&amp#27;[35m[HTTP]&amp#27;[39m &amp#27;[90m&amp#27;[39m
[debug] &amp#27;[35m[HTTP]&amp#27;[39m Request idempotency key: fbcd8f17-a966-463f-936e-dfcdebeb5154
&amp#27;[35m[HTTP]&amp#27;[39m &amp#27;[37m-->&amp#27;[39m &amp#27;[37mPOST&amp#27;[39m &amp#27;[37m/wd/hub/session&amp#27;[39m
&amp#27;[35m[HTTP]&amp#27;[39m &amp#27;[90m{"desiredCapabilities":{"appActivity":"com.forbinary.banjararide.activity.SplashActivity","appPackage":"com.forbinary.banjararide","chromedriverExecutable":"C:\\Users\\Administrator\\git\\BanjaraRideTest\\BanjaraRideApp-Test\\chromedriver.exe","noReset":true,"automationName":"UIAutomator2","additionalWebviewBundleIds":"process-awesomeAppDebug","autoGrantPermissions":true,"platformName":"Android","deviceName":"World"},"capabilities":{"firstMatch":[{"additionalWebviewBundleIds":"process-awesomeAppDebug","appium:appActivity":"com.forbinary.banjararide.activity.SplashActivity","appium:appPackage":"com.forbinary.banjararide","appium:autoGrantPermissions":true,"appium:automationName":"UIAutomator2","appium:chromedriverExecutable":"C:\\Users\\Administrator\\git\\BanjaraRideTest\\BanjaraRideApp-Test\\chromedriver.exe","appium:deviceName":"World","appium:noReset":true,"platformName":"android"}]}}&amp#27;[39m
[debug] &amp#27;[35m[W3C]&amp#27;[39m Calling AppiumDriver.createSession() with args: [{"appActivity":"com.forbinary.banjararide.activity.SplashActivity","appPackage":"com.forbinary.banjararide","chromedriverExecutable":"C:\\Users\\Administrator\\git\\BanjaraRideTest\\BanjaraRideApp-Test\\chromedriver.exe","noReset":true,"automationName":"UIAutomator2","additionalWebviewBundleIds":"process-awesomeAppDebug","autoGrantPermissions":true,"platformName":"Android","deviceName":"World"},null,{"firstMatch":[{"additionalWebviewBundleIds":"process-awesomeAppDebug","appium:appActivity":"com.forbinary.banjararide.activity.SplashActivity","appium:appPackage":"com.forbinary.banjararide","appium:autoGrantPermissions":true,"appium:automationName":"UIAutomator2","appium:chromedriverExecutable":"C:\\Users\\Administrator\\git\\BanjaraRideTest\\BanjaraRideApp-Test\\chromedriver.exe","appium:deviceName":"World","appium:noReset":true,"platformName":"android"}]}]
[debug] &amp#27;[35m[BaseDriver]&amp#27;[39m Event 'newSessionRequested' logged at 1685185574526 (16:36:14 GMT+0530 (India Standard Time))
&amp#27;[35m[BaseDriver]&amp#27;[39m The following capabilities are not standard capabilities and should have an extension prefix:
&amp#27;[35m[BaseDriver]&amp#27;[39m   additionalWebviewBundleIds
&amp#27;[35m[Appium]&amp#27;[39m Appium v1.22.3 creating new AndroidUiautomator2Driver (v1.70.1) session
[debug] &amp#27;[35m[BaseDriver]&amp#27;[39m W3C capabilities and MJSONWP desired capabilities were provided
[debug] &amp#27;[35m[BaseDriver]&amp#27;[39m Creating session with W3C capabilities: {
[debug] &amp#27;[35m[BaseDriver]&amp#27;[39m   "alwaysMatch": {
[debug] &amp#27;[35m[BaseDriver]&amp#27;[39m     "appium:additionalWebviewBundleIds": "process-awesomeAppDebug",
[debug] &amp#27;[35m[BaseDriver]&amp#27;[39m     "platformName": "android",
[debug] &amp#27;[35m[BaseDriver]&amp#27;[39m     "appium:appActivity": "com.forbinary.banjararide.activity.SplashActivity",
[debug] &amp#27;[35m[BaseDriver]&amp#27;[39m     "appium:appPackage": "com.forbinary.banjararide",
[debug] &amp#27;[35m[BaseDriver]&amp#27;[39m     "appium:autoGrantPermissions": true,
[debug] &amp#27;[35m[BaseDriver]&amp#27;[39m     "appium:automationName": "UIAutomator2",
[debug] &amp#27;[35m[BaseDriver]&amp#27;[39m     "appium:chromedriverExecutable": "C:\\Users\\Administrator\\git\\BanjaraRideTest\\BanjaraRideApp-Test\\chromedriver.exe",
[debug] &amp#27;[35m[BaseDriver]&amp#27;[39m     "appium:deviceName": "World",
[debug] &amp#27;[35m[BaseDriver]&amp#27;[39m     "appium:noReset": true
[debug] &amp#27;[35m[BaseDriver]&amp#27;[39m   },
[debug] &amp#27;[35m[BaseDriver]&amp#27;[39m   "firstMatch": [
[debug] &amp#27;[35m[BaseDriver]&amp#27;[39m     {}
[debug] &amp#27;[35m[BaseDriver]&amp#27;[39m   ]
[debug] &amp#27;[35m[BaseDriver]&amp#27;[39m }
&amp#27;[35m[BaseDriver]&amp#27;[39m The following capabilities were provided, but are not recognized by Appium:
&amp#27;[35m[BaseDriver]&amp#27;[39m   additionalWebviewBundleIds
&amp#27;[35m[BaseDriver]&amp#27;[39m Session created with session id: ff71fa79-40df-4145-8a09-7c539656c44c
&amp#27;[35m[UiAutomator2]&amp#27;[39m Starting 'com.forbinary.banjararide' directly on the device
&amp#27;[35m[ADB]&amp#27;[39m Found 4 'build-tools' folders under 'C:\Users\Administrator\AppData\Local\Android\Sdk' (newest first):
&amp#27;[35m[ADB]&amp#27;[39m     C:/Users/Administrator/AppData/Local/Android/Sdk/build-tools/34.0.0-rc4
&amp#27;[35m[ADB]&amp#27;[39m     C:/Users/Administrator/AppData/Local/Android/Sdk/build-tools/34.0.0-rc3
&amp#27;[35m[ADB]&amp#27;[39m     C:/Users/Administrator/AppData/Local/Android/Sdk/build-tools/33.0.2
&amp#27;[35m[ADB]&amp#27;[39m     C:/Users/Administrator/AppData/Local/Android/Sdk/build-tools/30.0.3
&amp#27;[35m[ADB]&amp#27;[39m Using 'adb.exe' from 'C:\Users\Administrator\AppData\Local\Android\Sdk\platform-tools\adb.exe'
[debug] &amp#27;[35m[ADB]&amp#27;[39m Running 'C:\Users\Administrator\AppData\Local\Android\Sdk\platform-tools\adb.exe -P 5037 start-server'
&amp#27;[35m[AndroidDriver]&amp#27;[39m Retrieving device list
[debug] &amp#27;[35m[ADB]&amp#27;[39m Trying to find a connected android device
[debug] &amp#27;[35m[ADB]&amp#27;[39m Getting connected devices
[debug] &amp#27;[35m[ADB]&amp#27;[39m No connected devices have been detected
[debug] &amp#27;[35m[ADB]&amp#27;[39m Could not find online devices
[debug] &amp#27;[35m[ADB]&amp#27;[39m Reconnecting adb (target offline)
[debug] &amp#27;[35m[ADB]&amp#27;[39m Running 'C:\Users\Administrator\AppData\Local\Android\Sdk\platform-tools\adb.exe -P 5037 reconnect offline'
[debug] &amp#27;[35m[ADB]&amp#27;[39m Getting connected devices
[debug] &amp#27;[35m[ADB]&amp#27;[39m No connected devices have been detected
[debug] &amp#27;[35m[ADB]&amp#27;[39m Could not find online devices
[debug] &amp#27;[35m[ADB]&amp#27;[39m Reconnecting adb (target offline)
[debug] &amp#27;[35m[ADB]&amp#27;[39m Running 'C:\Users\Administrator\AppData\Local\Android\Sdk\platform-tools\adb.exe -P 5037 reconnect offline'
[debug] &amp#27;[35m[ADB]&amp#27;[39m Getting connected devices
[debug] &amp#27;[35m[ADB]&amp#27;[39m No connected devices have been detected
[debug] &amp#27;[35m[ADB]&amp#27;[39m Could not find online devices
[debug] &amp#27;[35m[ADB]&amp#27;[39m Reconnecting adb (target offline)
[debug] &amp#27;[35m[ADB]&amp#27;[39m Running 'C:\Users\Administrator\AppData\Local\Android\Sdk\platform-tools\adb.exe -P 5037 reconnect offline'
[debug] &amp#27;[35m[ADB]&amp#27;[39m Getting connected devices
[debug] &amp#27;[35m[ADB]&amp#27;[39m No connected devices have been detected
[debug] &amp#27;[35m[ADB]&amp#27;[39m Could not find online devices
[debug] &amp#27;[35m[ADB]&amp#27;[39m Reconnecting adb (target offline)
[debug] &amp#27;[35m[ADB]&amp#27;[39m Running 'C:\Users\Administrator\AppData\Local\Android\Sdk\platform-tools\adb.exe -P 5037 reconnect offline'
[debug] &amp#27;[35m[ADB]&amp#27;[39m Getting connected devices
[debug] &amp#27;[35m[ADB]&amp#27;[39m No connected devices have been detected
[debug] &amp#27;[35m[ADB]&amp#27;[39m Could not find online devices
[debug] &amp#27;[35m[ADB]&amp#27;[39m Reconnecting adb (target offline)
[debug] &amp#27;[35m[ADB]&amp#27;[39m Running 'C:\Users\Administrator\AppData\Local\Android\Sdk\platform-tools\adb.exe -P 5037 reconnect offline'
[debug] &amp#27;[35m[ADB]&amp#27;[39m Getting connected devices
[debug] &amp#27;[35m[ADB]&amp#27;[39m No connected devices have been detected
[debug] &amp#27;[35m[ADB]&amp#27;[39m Could not find online devices
[debug] &amp#27;[35m[ADB]&amp#27;[39m Reconnecting adb (target offline)
[debug] &amp#27;[35m[ADB]&amp#27;[39m Running 'C:\Users\Administrator\AppData\Local\Android\Sdk\platform-tools\adb.exe -P 5037 reconnect offline'
[debug] &amp#27;[35m[ADB]&amp#27;[39m Getting connected devices
[debug] &amp#27;[35m[ADB]&amp#27;[39m No connected devices have been detected
[debug] &amp#27;[35m[ADB]&amp#27;[39m Could not find online devices
[debug] &amp#27;[35m[ADB]&amp#27;[39m Reconnecting adb (target offline)
[debug] &amp#27;[35m[ADB]&amp#27;[39m Running 'C:\Users\Administrator\AppData\Local\Android\Sdk\platform-tools\adb.exe -P 5037 reconnect offline'
[debug] &amp#27;[35m[ADB]&amp#27;[39m Getting connected devices
[debug] &amp#27;[35m[ADB]&amp#27;[39m No connected devices have been detected
[debug] &amp#27;[35m[ADB]&amp#27;[39m Could not find online devices
[debug] &amp#27;[35m[ADB]&amp#27;[39m Reconnecting adb (target offline)
[debug] &amp#27;[35m[ADB]&amp#27;[39m Running 'C:\Users\Administrator\AppData\Local\Android\Sdk\platform-tools\adb.exe -P 5037 reconnect offline'
[debug] &amp#27;[35m[ADB]&amp#27;[39m Getting connected devices
[debug] &amp#27;[35m[ADB]&amp#27;[39m No connected devices have been detected
[debug] &amp#27;[35m[ADB]&amp#27;[39m Could not find online devices
[debug] &amp#27;[35m[ADB]&amp#27;[39m Reconnecting adb (target offline)
[debug] &amp#27;[35m[ADB]&amp#27;[39m Running 'C:\Users\Administrator\AppData\Local\Android\Sdk\platform-tools\adb.exe -P 5037 reconnect offline'
[debug] &amp#27;[35m[ADB]&amp#27;[39m Getting connected devices
[debug] &amp#27;[35m[ADB]&amp#27;[39m No connected devices have been detected
[debug] &amp#27;[35m[ADB]&amp#27;[39m Could not find online devices
[debug] &amp#27;[35m[ADB]&amp#27;[39m Reconnecting adb (target offline)
[debug] &amp#27;[35m[ADB]&amp#27;[39m Running 'C:\Users\Administrator\AppData\Local\Android\Sdk\platform-tools\adb.exe -P 5037 reconnect offline'
[debug] &amp#27;[35m[ADB]&amp#27;[39m Getting connected devices
[debug] &amp#27;[35m[ADB]&amp#27;[39m No connected devices have been detected
[debug] &amp#27;[35m[ADB]&amp#27;[39m Could not find online devices
[debug] &amp#27;[35m[ADB]&amp#27;[39m Reconnecting adb (target offline)
[debug] &amp#27;[35m[ADB]&amp#27;[39m Running 'C:\Users\Administrator\AppData\Local\Android\Sdk\platform-tools\adb.exe -P 5037 reconnect offline'
[debug] &amp#27;[35m[ADB]&amp#27;[39m Getting connected devices
[debug] &amp#27;[35m[ADB]&amp#27;[39m No connected devices have been detected
[debug] &amp#27;[35m[ADB]&amp#27;[39m Could not find online devices
[debug] &amp#27;[35m[ADB]&amp#27;[39m Reconnecting adb (target offline)
[debug] &amp#27;[35m[ADB]&amp#27;[39m Running 'C:\Users\Administrator\AppData\Local\Android\Sdk\platform-tools\adb.exe -P 5037 reconnect offline'
[debug] &amp#27;[35m[ADB]&amp#27;[39m Getting connected devices
[debug] &amp#27;[35m[ADB]&amp#27;[39m No connected devices have been detected
[debug] &amp#27;[35m[ADB]&amp#27;[39m Could not find online devices
[debug] &amp#27;[35m[ADB]&amp#27;[39m Reconnecting adb (target offline)
[debug] &amp#27;[35m[ADB]&amp#27;[39m Running 'C:\Users\Administrator\AppData\Local\Android\Sdk\platform-tools\adb.exe -P 5037 reconnect offline'
[debug] &amp#27;[35m[ADB]&amp#27;[39m Getting connected devices
[debug] &amp#27;[35m[ADB]&amp#27;[39m No connected devices have been detected
[debug] &amp#27;[35m[ADB]&amp#27;[39m Could not find online devices
[debug] &amp#27;[35m[ADB]&amp#27;[39m Reconnecting adb (target offline)
[debug] &amp#27;[35m[ADB]&amp#27;[39m Running 'C:\Users\Administrator\AppData\Local\Android\Sdk\platform-tools\adb.exe -P 5037 reconnect offline'
[debug] &amp#27;[35m[ADB]&amp#27;[39m Getting connected devices
[debug] &amp#27;[35m[ADB]&amp#27;[39m No connected devices have been detected
[debug] &amp#27;[35m[ADB]&amp#27;[39m Could not find online devices
[debug] &amp#27;[35m[ADB]&amp#27;[39m Reconnecting adb (target offline)
[debug] &amp#27;[35m[ADB]&amp#27;[39m Running 'C:\Users\Administrator\AppData\Local\Android\Sdk\platform-tools\adb.exe -P 5037 reconnect offline'
[debug] &amp#27;[35m[ADB]&amp#27;[39m Getting connected devices
[debug] &amp#27;[35m[ADB]&amp#27;[39m No connected devices have been detected
[debug] &amp#27;[35m[ADB]&amp#27;[39m Could not find online devices
[debug] &amp#27;[35m[ADB]&amp#27;[39m Reconnecting adb (target offline)
[debug] &amp#27;[35m[ADB]&amp#27;[39m Running 'C:\Users\Administrator\AppData\Local\Android\Sdk\platform-tools\adb.exe -P 5037 reconnect offline'
[debug] &amp#27;[35m[ADB]&amp#27;[39m Getting connected devices
[debug] &amp#27;[35m[ADB]&amp#27;[39m No connected devices have been detected
[debug] &amp#27;[35m[ADB]&amp#27;[39m Could not find online devices
[debug] &amp#27;[35m[ADB]&amp#27;[39m Reconnecting adb (target offline)
[debug] &amp#27;[35m[ADB]&amp#27;[39m Running 'C:\Users\Administrator\AppData\Local\Android\Sdk\platform-tools\adb.exe -P 5037 reconnect offline'
[debug] &amp#27;[35m[ADB]&amp#27;[39m Getting connected devices
[debug] &amp#27;[35m[ADB]&amp#27;[39m No connected devices have been detected
[debug] &amp#27;[35m[ADB]&amp#27;[39m Could not find online devices
[debug] &amp#27;[35m[ADB]&amp#27;[39m Reconnecting adb (target offline)
[debug] &amp#27;[35m[ADB]&amp#27;[39m Running 'C:\Users\Administrator\AppData\Local\Android\Sdk\platform-tools\adb.exe -P 5037 reconnect offline'
[debug] &amp#27;[35m[ADB]&amp#27;[39m Getting connected devices
[debug] &amp#27;[35m[ADB]&amp#27;[39m No connected devices have been detected
[debug] &amp#27;[35m[ADB]&amp#27;[39m Could not find online devices
[debug] &amp#27;[35m[ADB]&amp#27;[39m Reconnecting adb (target offline)
[debug] &amp#27;[35m[ADB]&amp#27;[39m Running 'C:\Users\Administrator\AppData\Local\Android\Sdk\platform-tools\adb.exe -P 5037 reconnect offline'
[debug] &amp#27;[35m[ADB]&amp#27;[39m Getting connected devices
[debug] &amp#27;[35m[ADB]&amp#27;[39m No connected devices have been detected
[debug] &amp#27;[35m[ADB]&amp#27;[39m Could not find online devices
[debug] &amp#27;[35m[ADB]&amp#27;[39m Reconnecting adb (target offline)
[debug] &amp#27;[35m[ADB]&amp#27;[39m Running 'C:\Users\Administrator\AppData\Local\Android\Sdk\platform-tools\adb.exe -P 5037 reconnect offline'
[debug] &amp#27;[35m[ADB]&amp#27;[39m Getting connected devices
[debug] &amp#27;[35m[ADB]&amp#27;[39m No connected devices have been detected
[debug] &amp#27;[35m[ADB]&amp#27;[39m Could not find online devices
[debug] &amp#27;[35m[ADB]&amp#27;[39m Reconnecting adb (target offline)
[debug] &amp#27;[35m[ADB]&amp#27;[39m Running 'C:\Users\Administrator\AppData\Local\Android\Sdk\platform-tools\adb.exe -P 5037 reconnect offline'
[debug] &amp#27;[35m[ADB]&amp#27;[39m Getting connected devices
[debug] &amp#27;[35m[ADB]&amp#27;[39m No connected devices have been detected
[debug] &amp#27;[35m[ADB]&amp#27;[39m Could not find online devices
[debug] &amp#27;[35m[ADB]&amp#27;[39m Reconnecting adb (target offline)
[debug] &amp#27;[35m[ADB]&amp#27;[39m Running 'C:\Users\Administrator\AppData\Local\Android\Sdk\platform-tools\adb.exe -P 5037 reconnect offline'
[debug] &amp#27;[35m[ADB]&amp#27;[39m Getting connected devices
[debug] &amp#27;[35m[ADB]&amp#27;[39m No connected devices have been detected
[debug] &amp#27;[35m[ADB]&amp#27;[39m Could not find online devices
[debug] &amp#27;[35m[ADB]&amp#27;[39m Reconnecting adb (target offline)
[debug] &amp#27;[35m[ADB]&amp#27;[39m Running 'C:\Users\Administrator\AppData\Local\Android\Sdk\platform-tools\adb.exe -P 5037 reconnect offline'
[debug] &amp#27;[35m[ADB]&amp#27;[39m Getting connected devices
[debug] &amp#27;[35m[ADB]&amp#27;[39m No connected devices have been detected
[debug] &amp#27;[35m[ADB]&amp#27;[39m Could not find online devices
[debug] &amp#27;[35m[ADB]&amp#27;[39m Reconnecting adb (target offline)
[debug] &amp#27;[35m[ADB]&amp#27;[39m Running 'C:\Users\Administrator\AppData\Local\Android\Sdk\platform-tools\adb.exe -P 5037 reconnect offline'
[debug] &amp#27;[35m[ADB]&amp#27;[39m Getting connected devices
[debug] &amp#27;[35m[ADB]&amp#27;[39m No connected devices have been detected
[debug] &amp#27;[35m[ADB]&amp#27;[39m Could not find online devices
[debug] &amp#27;[35m[ADB]&amp#27;[39m Reconnecting adb (target offline)
[debug] &amp#27;[35m[ADB]&amp#27;[39m Running 'C:\Users\Administrator\AppData\Local\Android\Sdk\platform-tools\adb.exe -P 5037 reconnect offline'
[debug] &amp#27;[35m[ADB]&amp#27;[39m Getting connected devices
[debug] &amp#27;[35m[ADB]&amp#27;[39m No connected devices have been detected
[debug] &amp#27;[35m[ADB]&amp#27;[39m Could not find online devices
[debug] &amp#27;[35m[ADB]&amp#27;[39m Reconnecting adb (target offline)
[debug] &amp#27;[35m[ADB]&amp#27;[39m Running 'C:\Users\Administrator\AppData\Local\Android\Sdk\platform-tools\adb.exe -P 5037 reconnect offline'
[debug] &amp#27;[35m[ADB]&amp#27;[39m Getting connected devices
[debug] &amp#27;[35m[ADB]&amp#27;[39m No connected devices have been detected
[debug] &amp#27;[35m[ADB]&amp#27;[39m Could not find online devices
[debug] &amp#27;[35m[ADB]&amp#27;[39m Reconnecting adb (target offline)
[debug] &amp#27;[35m[ADB]&amp#27;[39m Running 'C:\Users\Administrator\AppData\Local\Android\Sdk\platform-tools\adb.exe -P 5037 reconnect offline'
[debug] &amp#27;[35m[ADB]&amp#27;[39m Getting connected devices
[debug] &amp#27;[35m[ADB]&amp#27;[39m No connected devices have been detected
[debug] &amp#27;[35m[ADB]&amp#27;[39m Could not find online devices
[debug] &amp#27;[35m[ADB]&amp#27;[39m Reconnecting adb (target offline)
[debug] &amp#27;[35m[ADB]&amp#27;[39m Running 'C:\Users\Administrator\AppData\Local\Android\Sdk\platform-tools\adb.exe -P 5037 reconnect offline'
[debug] &amp#27;[35m[ADB]&amp#27;[39m Getting connected devices
[debug] &amp#27;[35m[ADB]&amp#27;[39m No connected devices have been detected
[debug] &amp#27;[35m[ADB]&amp#27;[39m Could not find online devices
[debug] &amp#27;[35m[ADB]&amp#27;[39m Reconnecting adb (target offline)
[debug] &amp#27;[35m[ADB]&amp#27;[39m Running 'C:\Users\Administrator\AppData\Local\Android\Sdk\platform-tools\adb.exe -P 5037 reconnect offline'
[debug] &amp#27;[35m[ADB]&amp#27;[39m Getting connected devices
[debug] &amp#27;[35m[ADB]&amp#27;[39m No connected devices have been detected
[debug] &amp#27;[35m[ADB]&amp#27;[39m Could not find online devices
[debug] &amp#27;[35m[ADB]&amp#27;[39m Reconnecting adb (target offline)
[debug] &amp#27;[35m[ADB]&amp#27;[39m Running 'C:\Users\Administrator\AppData\Local\Android\Sdk\platform-tools\adb.exe -P 5037 reconnect offline'
[debug] &amp#27;[35m[ADB]&amp#27;[39m Getting connected devices
[debug] &amp#27;[35m[ADB]&amp#27;[39m Connected devices: [{"udid":"emulator-5554","state":"device"}]
&amp#27;[35m[AndroidDriver]&amp#27;[39m Using device: emulator-5554
&amp#27;[35m[ADB]&amp#27;[39m Using 'adb.exe' from 'C:\Users\Administrator\AppData\Local\Android\Sdk\platform-tools\adb.exe'
[debug] &amp#27;[35m[ADB]&amp#27;[39m Running 'C:\Users\Administrator\AppData\Local\Android\Sdk\platform-tools\adb.exe -P 5037 start-server'
[debug] &amp#27;[35m[ADB]&amp#27;[39m Setting device id to emulator-5554
[debug] &amp#27;[35m[ADB]&amp#27;[39m Running 'C:\Users\Administrator\AppData\Local\Android\Sdk\platform-tools\adb.exe -P 5037 -s emulator-5554 shell getprop ro.build.version.sdk'
[debug] &amp#27;[35m[ADB]&amp#27;[39m Current device property 'ro.build.version.sdk': 26
[debug] &amp#27;[35m[ADB]&amp#27;[39m Device API level: 26
&amp#27;[35m[AndroidDriver]&amp#27;[39m No app sent in, not parsing package/activity
[debug] &amp#27;[35m[ADB]&amp#27;[39m Running 'C:\Users\Administrator\AppData\Local\Android\Sdk\platform-tools\adb.exe -P 5037 -s emulator-5554 wait-for-device'
[debug] &amp#27;[35m[ADB]&amp#27;[39m Running 'C:\Users\Administrator\AppData\Local\Android\Sdk\platform-tools\adb.exe -P 5037 -s emulator-5554 shell echo ping'
[debug] &amp#27;[35m[AndroidDriver]&amp#27;[39m Pushing settings apk to device...
[debug] &amp#27;[35m[ADB]&amp#27;[39m Getting install status for io.appium.settings
[debug] &amp#27;[35m[ADB]&amp#27;[39m Running 'C:\Users\Administrator\AppData\Local\Android\Sdk\platform-tools\adb.exe -P 5037 -s emulator-5554 shell dumpsys package io.appium.settings'
[debug] &amp#27;[35m[ADB]&amp#27;[39m 'io.appium.settings' is not installed
[debug] &amp#27;[35m[ADB]&amp#27;[39m App 'C:\Users\Administrator\AppData\Roaming\npm\node_modules\appium\node_modules\io.appium.settings\apks\settings_apk-debug.apk' is not installed
[debug] &amp#27;[35m[ADB]&amp#27;[39m Installing 'C:\Users\Administrator\AppData\Roaming\npm\node_modules\appium\node_modules\io.appium.settings\apks\settings_apk-debug.apk'
[debug] &amp#27;[35m[ADB]&amp#27;[39m Running 'C:\Users\Administrator\AppData\Local\Android\Sdk\platform-tools\adb.exe -P 5037 -s emulator-5554 help'
[debug] &amp#27;[35m[ADB]&amp#27;[39m Running 'C:\Users\Administrator\AppData\Local\Android\Sdk\platform-tools\adb.exe -P 5037 -s emulator-5554 features'
&amp#27;[35m[ADB]&amp#27;[39m The application at 'C:\Users\Administrator\AppData\Roaming\npm\node_modules\appium\node_modules\io.appium.settings\apks\settings_apk-debug.apk' will not be cached, because the device under test has confirmed the support of streamed installs
[debug] &amp#27;[35m[ADB]&amp#27;[39m Running 'C:\Users\Administrator\AppData\Local\Android\Sdk\platform-tools\adb.exe -P 5037 -s emulator-5554 install -g C:\Users\Administrator\AppData\Roaming\npm\node_modules\appium\node_modules\io.appium.settings\apks\settings_apk-debug.apk'
[debug] &amp#27;[35m[ADB]&amp#27;[39m Getting install status for io.appium.settings
[debug] &amp#27;[35m[ADB]&amp#27;[39m Running 'C:\Users\Administrator\AppData\Local\Android\Sdk\platform-tools\adb.exe -P 5037 -s emulator-5554 shell dumpsys package io.appium.settings'
[debug] &amp#27;[35m[ADB]&amp#27;[39m 'io.appium.settings' is not installed
[debug] &amp#27;[35m[ADB]&amp#27;[39m App 'C:\Users\Administrator\AppData\Roaming\npm\node_modules\appium\node_modules\io.appium.settings\apks\settings_apk-debug.apk' is not installed
[debug] &amp#27;[35m[ADB]&amp#27;[39m Installing 'C:\Users\Administrator\AppData\Roaming\npm\node_modules\appium\node_modules\io.appium.settings\apks\settings_apk-debug.apk'
&amp#27;[35m[ADB]&amp#27;[39m The application at 'C:\Users\Administrator\AppData\Roaming\npm\node_modules\appium\node_modules\io.appium.settings\apks\settings_apk-debug.apk' will not be cached, because the device under test has confirmed the support of streamed installs
[debug] &amp#27;[35m[ADB]&amp#27;[39m Running 'C:\Users\Administrator\AppData\Local\Android\Sdk\platform-tools\adb.exe -P 5037 -s emulator-5554 install -g C:\Users\Administrator\AppData\Roaming\npm\node_modules\appium\node_modules\io.appium.settings\apks\settings_apk-debug.apk'
[debug] &amp#27;[35m[UiAutomator2]&amp#27;[39m Deleting UiAutomator2 session
[debug] &amp#27;[35m[ADB]&amp#27;[39m Running 'C:\Users\Administrator\AppData\Local\Android\Sdk\platform-tools\adb.exe -P 5037 -s emulator-5554 shell am force-stop com.forbinary.banjararide'
&amp#27;[35m[UiAutomator2]&amp#27;[39m Unable to force stop app: Error executing adbExec. Original error: 'Command 'C:\\Users\\Administrator\\AppData\\Local\\Android\\Sdk\\platform-tools\\adb.exe -P 5037 -s emulator-5554 shell am force-stop com.forbinary.banjararide' exited with code 20'; Command output: cmd: Can't find service: activity
&amp#27;[35m[UiAutomator2]&amp#27;[39m 
[debug] &amp#27;[35m[BaseDriver]&amp#27;[39m Event 'newSessionStarted' logged at 1685185599252 (16:36:39 GMT+0530 (India Standard Time))
[debug] &amp#27;[35m[W3C]&amp#27;[39m Encountered internal error running command: Error executing adbExec. Original error: 'Command 'C:\\Users\\Administrator\\AppData\\Local\\Android\\Sdk\\platform-tools\\adb.exe -P 5037 -s emulator-5554 install -g C:\\Users\\Administrator\\AppData\\Roaming\\npm\\node_modules\\appium\\node_modules\\io.appium.settings\\apks\\settings_apk-debug.apk' exited with code 1'; Command output: adb: failed to install C:\Users\Administrator\AppData\Roaming\npm\node_modules\appium\node_modules\io.appium.settings\apks\settings_apk-debug.apk: cmd: Can't find service: package
[debug] &amp#27;[35m[W3C]&amp#27;[39m 
[debug] &amp#27;[35m[W3C]&amp#27;[39m Error: Command 'C:\\Users\\Administrator\\AppData\\Local\\Android\\Sdk\\platform-tools\\adb.exe -P 5037 -s emulator-5554 install -g C:\\Users\\Administrator\\AppData\\Roaming\\npm\\node_modules\\appium\\node_modules\\io.appium.settings\\apks\\settings_apk-debug.apk' exited with code 1
[debug] &amp#27;[35m[W3C]&amp#27;[39m     at ChildProcess.<anonymous> (C:\Users\Administrator\AppData\Roaming\npm\node_modules\appium\node_modules\teen_process\lib\exec.js:113:19)
[debug] &amp#27;[35m[W3C]&amp#27;[39m     at ChildProcess.emit (node:events:527:28)
[debug] &amp#27;[35m[W3C]&amp#27;[39m     at maybeClose (node:internal/child_process:1090:16)
[debug] &amp#27;[35m[W3C]&amp#27;[39m     at Process.ChildProcess._handle.onexit (node:internal/child_process:302:5)
&amp#27;[35m[HTTP]&amp#27;[39m &amp#27;[37m<-- POST /wd/hub/session &amp#27;[39m&amp#27;[31m500&amp#27;[39m &amp#27;[90m24868 ms - 1719&amp#27;[39m
&amp#27;[35m[HTTP]&amp#27;[39m &amp#27;[90m&amp#27;[39m
]]></system-out>
    <system-err><![CDATA[SLF4J: Failed to load class "org.slf4j.impl.StaticLoggerBinder".
SLF4J: Defaulting to no-operation (NOP) logger implementation
SLF4J: See http://www.slf4j.org/codes.html#StaticLoggerBinder for further details.
]]></system-err>
  </testcase>
  <testcase name="launch" classname="Extest.TestClass" time="0">
    <skipped/>
  </testcase>
  <testcase name="launch" classname="Extest.TestClass" time="0">
    <skipped/>
  </testcase>
  <testcase name="launch" classname="Extest.TestClass" time="0">
    <skipped/>
  </testcase>
  <testcase name="launch" classname="Extest.TestClass" time="0">
    <skipped/>
  </testcase>
  <testcase name="launch" classname="Extest.TestClass" time="0">
    <skipped/>
  </testcase>
  <testcase name="test01" classname="Extest.TestClass" time="0">
    <skipped message="Unable to create a new remote session. Please check the server log for more details. Original error: An unknown server-side error occurred while processing the command. Original error: Error executing adbExec. Original error: &apos;Command &apos;C:\\Users\\Administrator\\AppData\\Local\\Android\\Sdk\\platform-tools\\adb.exe -P 5037 -s emulator-5554 install -g C:\\Users\\Administrator\\AppData\\Roaming\\npm\\node_modules\\appium\\node_modules\\io.appium.settings\\apks\\settings_apk-debug.apk&apos; exited with code 1&apos;; Command output: adb: failed to install C:\Users\Administrator\AppData\Roaming\npm\node_modules\appium\node_modules\io.appium.settings\apks\settings_apk-debug.apk: cmd: Can&apos;t find service: package&#10;&#10;Build info: version: &apos;3.141.59&apos;, revision: &apos;e82be7d358&apos;, time: &apos;2018-11-14T08:17:03&apos;&#10;System info: host: &apos;DESKTOP-KU0MUL7&apos;, ip: &apos;192.168.1.253&apos;, os.name: &apos;Windows 11&apos;, os.arch: &apos;amd64&apos;, os.version: &apos;10.0&apos;, java.version: &apos;18.0.1.1&apos;&#10;Driver info: driver.version: AndroidDriver&#10;remote stacktrace: UnknownError: An unknown server-side error occurred while processing the command. Original error: Error executing adbExec. Original error: &apos;Command &apos;C:\\Users\\Administrator\\AppData\\Local\\Android\\Sdk\\platform-tools\\adb.exe -P 5037 -s emulator-5554 install -g C:\\Users\\Administrator\\AppData\\Roaming\\npm\\node_modules\\appium\\node_modules\\io.appium.settings\\apks\\settings_apk-debug.apk&apos; exited with code 1&apos;; Command output: adb: failed to install C:\Users\Administrator\AppData\Roaming\npm\node_modules\appium\node_modules\io.appium.settings\apks\settings_apk-debug.apk: cmd: Can&apos;t find service: package&#10;&#10;    at getResponseForW3CError (C:\Users\Administrator\AppData\Roaming\npm\node_modules\appium\node_modules\appium-base-driver\lib\protocol\errors.js:804:9)&#10;    at asyncHandler (C:\Users\Administrator\AppData\Roaming\npm\node_modules\appium\node_modules\appium-base-driver\lib\protocol\protocol.js:380:37)&#10;Build info: version: &apos;3.141.59&apos;, revision: &apos;e82be7d358&apos;, time: &apos;2018-11-14T08:17:03&apos;&#10;System info: host: &apos;DESKTOP-KU0MUL7&apos;, ip: &apos;192.168.1.253&apos;, os.name: &apos;Windows 11&apos;, os.arch: &apos;amd64&apos;, os.version: &apos;10.0&apos;, java.version: &apos;18.0.1.1&apos;&#10;Driver info: driver.version: AndroidDriver"/>
  </testcase>
  <testcase name="test02" classname="Extest.TestClass" time="0">
    <skipped message="Unable to create a new remote session. Please check the server log for more details. Original error: An unknown server-side error occurred while processing the command. Original error: Error executing adbExec. Original error: &apos;Command &apos;C:\\Users\\Administrator\\AppData\\Local\\Android\\Sdk\\platform-tools\\adb.exe -P 5037 -s emulator-5554 install -g C:\\Users\\Administrator\\AppData\\Roaming\\npm\\node_modules\\appium\\node_modules\\io.appium.settings\\apks\\settings_apk-debug.apk&apos; exited with code 1&apos;; Command output: adb: failed to install C:\Users\Administrator\AppData\Roaming\npm\node_modules\appium\node_modules\io.appium.settings\apks\settings_apk-debug.apk: cmd: Can&apos;t find service: package&#10;&#10;Build info: version: &apos;3.141.59&apos;, revision: &apos;e82be7d358&apos;, time: &apos;2018-11-14T08:17:03&apos;&#10;System info: host: &apos;DESKTOP-KU0MUL7&apos;, ip: &apos;192.168.1.253&apos;, os.name: &apos;Windows 11&apos;, os.arch: &apos;amd64&apos;, os.version: &apos;10.0&apos;, java.version: &apos;18.0.1.1&apos;&#10;Driver info: driver.version: AndroidDriver&#10;remote stacktrace: UnknownError: An unknown server-side error occurred while processing the command. Original error: Error executing adbExec. Original error: &apos;Command &apos;C:\\Users\\Administrator\\AppData\\Local\\Android\\Sdk\\platform-tools\\adb.exe -P 5037 -s emulator-5554 install -g C:\\Users\\Administrator\\AppData\\Roaming\\npm\\node_modules\\appium\\node_modules\\io.appium.settings\\apks\\settings_apk-debug.apk&apos; exited with code 1&apos;; Command output: adb: failed to install C:\Users\Administrator\AppData\Roaming\npm\node_modules\appium\node_modules\io.appium.settings\apks\settings_apk-debug.apk: cmd: Can&apos;t find service: package&#10;&#10;    at getResponseForW3CError (C:\Users\Administrator\AppData\Roaming\npm\node_modules\appium\node_modules\appium-base-driver\lib\protocol\errors.js:804:9)&#10;    at asyncHandler (C:\Users\Administrator\AppData\Roaming\npm\node_modules\appium\node_modules\appium-base-driver\lib\protocol\protocol.js:380:37)&#10;Build info: version: &apos;3.141.59&apos;, revision: &apos;e82be7d358&apos;, time: &apos;2018-11-14T08:17:03&apos;&#10;System info: host: &apos;DESKTOP-KU0MUL7&apos;, ip: &apos;192.168.1.253&apos;, os.name: &apos;Windows 11&apos;, os.arch: &apos;amd64&apos;, os.version: &apos;10.0&apos;, java.version: &apos;18.0.1.1&apos;&#10;Driver info: driver.version: AndroidDriver"/>
  </testcase>
  <testcase name="test03" classname="Extest.TestClass" time="0">
    <skipped message="Unable to create a new remote session. Please check the server log for more details. Original error: An unknown server-side error occurred while processing the command. Original error: Error executing adbExec. Original error: &apos;Command &apos;C:\\Users\\Administrator\\AppData\\Local\\Android\\Sdk\\platform-tools\\adb.exe -P 5037 -s emulator-5554 install -g C:\\Users\\Administrator\\AppData\\Roaming\\npm\\node_modules\\appium\\node_modules\\io.appium.settings\\apks\\settings_apk-debug.apk&apos; exited with code 1&apos;; Command output: adb: failed to install C:\Users\Administrator\AppData\Roaming\npm\node_modules\appium\node_modules\io.appium.settings\apks\settings_apk-debug.apk: cmd: Can&apos;t find service: package&#10;&#10;Build info: version: &apos;3.141.59&apos;, revision: &apos;e82be7d358&apos;, time: &apos;2018-11-14T08:17:03&apos;&#10;System info: host: &apos;DESKTOP-KU0MUL7&apos;, ip: &apos;192.168.1.253&apos;, os.name: &apos;Windows 11&apos;, os.arch: &apos;amd64&apos;, os.version: &apos;10.0&apos;, java.version: &apos;18.0.1.1&apos;&#10;Driver info: driver.version: AndroidDriver&#10;remote stacktrace: UnknownError: An unknown server-side error occurred while processing the command. Original error: Error executing adbExec. Original error: &apos;Command &apos;C:\\Users\\Administrator\\AppData\\Local\\Android\\Sdk\\platform-tools\\adb.exe -P 5037 -s emulator-5554 install -g C:\\Users\\Administrator\\AppData\\Roaming\\npm\\node_modules\\appium\\node_modules\\io.appium.settings\\apks\\settings_apk-debug.apk&apos; exited with code 1&apos;; Command output: adb: failed to install C:\Users\Administrator\AppData\Roaming\npm\node_modules\appium\node_modules\io.appium.settings\apks\settings_apk-debug.apk: cmd: Can&apos;t find service: package&#10;&#10;    at getResponseForW3CError (C:\Users\Administrator\AppData\Roaming\npm\node_modules\appium\node_modules\appium-base-driver\lib\protocol\errors.js:804:9)&#10;    at asyncHandler (C:\Users\Administrator\AppData\Roaming\npm\node_modules\appium\node_modules\appium-base-driver\lib\protocol\protocol.js:380:37)&#10;Build info: version: &apos;3.141.59&apos;, revision: &apos;e82be7d358&apos;, time: &apos;2018-11-14T08:17:03&apos;&#10;System info: host: &apos;DESKTOP-KU0MUL7&apos;, ip: &apos;192.168.1.253&apos;, os.name: &apos;Windows 11&apos;, os.arch: &apos;amd64&apos;, os.version: &apos;10.0&apos;, java.version: &apos;18.0.1.1&apos;&#10;Driver info: driver.version: AndroidDriver"/>
  </testcase>
  <testcase name="test04" classname="Extest.TestClass" time="0">
    <skipped message="Unable to create a new remote session. Please check the server log for more details. Original error: An unknown server-side error occurred while processing the command. Original error: Error executing adbExec. Original error: &apos;Command &apos;C:\\Users\\Administrator\\AppData\\Local\\Android\\Sdk\\platform-tools\\adb.exe -P 5037 -s emulator-5554 install -g C:\\Users\\Administrator\\AppData\\Roaming\\npm\\node_modules\\appium\\node_modules\\io.appium.settings\\apks\\settings_apk-debug.apk&apos; exited with code 1&apos;; Command output: adb: failed to install C:\Users\Administrator\AppData\Roaming\npm\node_modules\appium\node_modules\io.appium.settings\apks\settings_apk-debug.apk: cmd: Can&apos;t find service: package&#10;&#10;Build info: version: &apos;3.141.59&apos;, revision: &apos;e82be7d358&apos;, time: &apos;2018-11-14T08:17:03&apos;&#10;System info: host: &apos;DESKTOP-KU0MUL7&apos;, ip: &apos;192.168.1.253&apos;, os.name: &apos;Windows 11&apos;, os.arch: &apos;amd64&apos;, os.version: &apos;10.0&apos;, java.version: &apos;18.0.1.1&apos;&#10;Driver info: driver.version: AndroidDriver&#10;remote stacktrace: UnknownError: An unknown server-side error occurred while processing the command. Original error: Error executing adbExec. Original error: &apos;Command &apos;C:\\Users\\Administrator\\AppData\\Local\\Android\\Sdk\\platform-tools\\adb.exe -P 5037 -s emulator-5554 install -g C:\\Users\\Administrator\\AppData\\Roaming\\npm\\node_modules\\appium\\node_modules\\io.appium.settings\\apks\\settings_apk-debug.apk&apos; exited with code 1&apos;; Command output: adb: failed to install C:\Users\Administrator\AppData\Roaming\npm\node_modules\appium\node_modules\io.appium.settings\apks\settings_apk-debug.apk: cmd: Can&apos;t find service: package&#10;&#10;    at getResponseForW3CError (C:\Users\Administrator\AppData\Roaming\npm\node_modules\appium\node_modules\appium-base-driver\lib\protocol\errors.js:804:9)&#10;    at asyncHandler (C:\Users\Administrator\AppData\Roaming\npm\node_modules\appium\node_modules\appium-base-driver\lib\protocol\protocol.js:380:37)&#10;Build info: version: &apos;3.141.59&apos;, revision: &apos;e82be7d358&apos;, time: &apos;2018-11-14T08:17:03&apos;&#10;System info: host: &apos;DESKTOP-KU0MUL7&apos;, ip: &apos;192.168.1.253&apos;, os.name: &apos;Windows 11&apos;, os.arch: &apos;amd64&apos;, os.version: &apos;10.0&apos;, java.version: &apos;18.0.1.1&apos;&#10;Driver info: driver.version: AndroidDriver"/>
  </testcase>
  <testcase name="changeLang" classname="Extest.TestClass" time="0">
    <skipped message="Unable to create a new remote session. Please check the server log for more details. Original error: An unknown server-side error occurred while processing the command. Original error: Error executing adbExec. Original error: &apos;Command &apos;C:\\Users\\Administrator\\AppData\\Local\\Android\\Sdk\\platform-tools\\adb.exe -P 5037 -s emulator-5554 install -g C:\\Users\\Administrator\\AppData\\Roaming\\npm\\node_modules\\appium\\node_modules\\io.appium.settings\\apks\\settings_apk-debug.apk&apos; exited with code 1&apos;; Command output: adb: failed to install C:\Users\Administrator\AppData\Roaming\npm\node_modules\appium\node_modules\io.appium.settings\apks\settings_apk-debug.apk: cmd: Can&apos;t find service: package&#10;&#10;Build info: version: &apos;3.141.59&apos;, revision: &apos;e82be7d358&apos;, time: &apos;2018-11-14T08:17:03&apos;&#10;System info: host: &apos;DESKTOP-KU0MUL7&apos;, ip: &apos;192.168.1.253&apos;, os.name: &apos;Windows 11&apos;, os.arch: &apos;amd64&apos;, os.version: &apos;10.0&apos;, java.version: &apos;18.0.1.1&apos;&#10;Driver info: driver.version: AndroidDriver&#10;remote stacktrace: UnknownError: An unknown server-side error occurred while processing the command. Original error: Error executing adbExec. Original error: &apos;Command &apos;C:\\Users\\Administrator\\AppData\\Local\\Android\\Sdk\\platform-tools\\adb.exe -P 5037 -s emulator-5554 install -g C:\\Users\\Administrator\\AppData\\Roaming\\npm\\node_modules\\appium\\node_modules\\io.appium.settings\\apks\\settings_apk-debug.apk&apos; exited with code 1&apos;; Command output: adb: failed to install C:\Users\Administrator\AppData\Roaming\npm\node_modules\appium\node_modules\io.appium.settings\apks\settings_apk-debug.apk: cmd: Can&apos;t find service: package&#10;&#10;    at getResponseForW3CError (C:\Users\Administrator\AppData\Roaming\npm\node_modules\appium\node_modules\appium-base-driver\lib\protocol\errors.js:804:9)&#10;    at asyncHandler (C:\Users\Administrator\AppData\Roaming\npm\node_modules\appium\node_modules\appium-base-driver\lib\protocol\protocol.js:380:37)&#10;Build info: version: &apos;3.141.59&apos;, revision: &apos;e82be7d358&apos;, time: &apos;2018-11-14T08:17:03&apos;&#10;System info: host: &apos;DESKTOP-KU0MUL7&apos;, ip: &apos;192.168.1.253&apos;, os.name: &apos;Windows 11&apos;, os.arch: &apos;amd64&apos;, os.version: &apos;10.0&apos;, java.version: &apos;18.0.1.1&apos;&#10;Driver info: driver.version: AndroidDriver"/>
  </testcase>
  <testcase name="closeSwipeApp" classname="Extest.TestClass" time="0">
    <skipped message="Unable to create a new remote session. Please check the server log for more details. Original error: An unknown server-side error occurred while processing the command. Original error: Error executing adbExec. Original error: &apos;Command &apos;C:\\Users\\Administrator\\AppData\\Local\\Android\\Sdk\\platform-tools\\adb.exe -P 5037 -s emulator-5554 install -g C:\\Users\\Administrator\\AppData\\Roaming\\npm\\node_modules\\appium\\node_modules\\io.appium.settings\\apks\\settings_apk-debug.apk&apos; exited with code 1&apos;; Command output: adb: failed to install C:\Users\Administrator\AppData\Roaming\npm\node_modules\appium\node_modules\io.appium.settings\apks\settings_apk-debug.apk: cmd: Can&apos;t find service: package&#10;&#10;Build info: version: &apos;3.141.59&apos;, revision: &apos;e82be7d358&apos;, time: &apos;2018-11-14T08:17:03&apos;&#10;System info: host: &apos;DESKTOP-KU0MUL7&apos;, ip: &apos;192.168.1.253&apos;, os.name: &apos;Windows 11&apos;, os.arch: &apos;amd64&apos;, os.version: &apos;10.0&apos;, java.version: &apos;18.0.1.1&apos;&#10;Driver info: driver.version: AndroidDriver&#10;remote stacktrace: UnknownError: An unknown server-side error occurred while processing the command. Original error: Error executing adbExec. Original error: &apos;Command &apos;C:\\Users\\Administrator\\AppData\\Local\\Android\\Sdk\\platform-tools\\adb.exe -P 5037 -s emulator-5554 install -g C:\\Users\\Administrator\\AppData\\Roaming\\npm\\node_modules\\appium\\node_modules\\io.appium.settings\\apks\\settings_apk-debug.apk&apos; exited with code 1&apos;; Command output: adb: failed to install C:\Users\Administrator\AppData\Roaming\npm\node_modules\appium\node_modules\io.appium.settings\apks\settings_apk-debug.apk: cmd: Can&apos;t find service: package&#10;&#10;    at getResponseForW3CError (C:\Users\Administrator\AppData\Roaming\npm\node_modules\appium\node_modules\appium-base-driver\lib\protocol\errors.js:804:9)&#10;    at asyncHandler (C:\Users\Administrator\AppData\Roaming\npm\node_modules\appium\node_modules\appium-base-driver\lib\protocol\protocol.js:380:37)&#10;Build info: version: &apos;3.141.59&apos;, revision: &apos;e82be7d358&apos;, time: &apos;2018-11-14T08:17:03&apos;&#10;System info: host: &apos;DESKTOP-KU0MUL7&apos;, ip: &apos;192.168.1.253&apos;, os.name: &apos;Windows 11&apos;, os.arch: &apos;amd64&apos;, os.version: &apos;10.0&apos;, java.version: &apos;18.0.1.1&apos;&#10;Driver info: driver.version: AndroidDriver"/>
  </testcase>
  <testcase name="close" classname="Extest.TestClass" time="0">
    <skipped/>
  </testcase>
</testsuite>