<?xml version="1.0" encoding="UTF-8"?>
<!-- Generated by org.testng.reporters.JUnitXMLReporter -->
<testsuite ignored="1" hostname="DESKTOP-KU0MUL7" failures="0" tests="6" name="Test" time="265.549" errors="0" timestamp="2023-05-27T13:15:54 IST">
  <testcase classname="Extest.TestClass" name="test01" time="32.776"/>
  <testcase classname="Extest.TestClass" name="test02" time="28.772"/>
  <testcase classname="Extest.TestClass" name="test03" time="33.625"/>
  <testcase classname="Extest.TestClass" name="test04" time="18.132"/>
  <testcase classname="Extest.TestClass" name="changeLang" time="29.562"/>
  <testcase classname="Extest.TestClass" name="closeSwipeApp" time="3.17"/>
  <testcase classname="Extest.TestClass" name="contextSwitch" time="0.0">
    <ignored/>
  </testcase> <!-- contextSwitch -->
</testsuite> <!-- Test -->
