<?xml version="1.0" encoding="UTF-8"?>
<testng-results ignored="1" total="7" passed="6" failed="0" skipped="0">
  <reporter-output>
  </reporter-output>
  <suite started-at="2023-05-27T13:11:29 IST" name="Suite" finished-at="2023-05-27T13:15:54 IST" duration-ms="265549">
    <groups>
    </groups>
    <test started-at="2023-05-27T13:11:29 IST" name="Test" finished-at="2023-05-27T13:15:54 IST" duration-ms="265549">
      <class name="Extest.TestClass">
        <test-method is-config="true" signature="setup()[pri:0, instance:Extest.TestClass@5609159b]" started-at="2023-05-27T13:11:29 IST" name="setup" finished-at="2023-05-27T13:11:41 IST" duration-ms="11972" status="PASS">
          <reporter-output>
          </reporter-output>
        </test-method> <!-- setup -->
        <test-method is-config="true" signature="launch()[pri:0, instance:Extest.TestClass@5609159b]" started-at="2023-05-27T13:11:41 IST" name="launch" finished-at="2023-05-27T13:11:59 IST" duration-ms="18274" status="PASS">
          <reporter-output>
          </reporter-output>
        </test-method> <!-- launch -->
        <test-method signature="test01()[pri:0, instance:Extest.TestClass@5609159b]" started-at="2023-05-27T13:11:59 IST" name="test01" finished-at="2023-05-27T13:12:32 IST" duration-ms="32776" status="PASS">
          <reporter-output>
          </reporter-output>
        </test-method> <!-- test01 -->
        <test-method is-config="true" signature="launch()[pri:0, instance:Extest.TestClass@5609159b]" started-at="2023-05-27T13:12:32 IST" name="launch" finished-at="2023-05-27T13:12:43 IST" duration-ms="11367" status="PASS">
          <reporter-output>
          </reporter-output>
        </test-method> <!-- launch -->
        <test-method signature="test02()[pri:1, instance:Extest.TestClass@5609159b]" started-at="2023-05-27T13:12:43 IST" name="test02" finished-at="2023-05-27T13:13:12 IST" duration-ms="28772" status="PASS">
          <reporter-output>
          </reporter-output>
        </test-method> <!-- test02 -->
        <test-method is-config="true" signature="launch()[pri:0, instance:Extest.TestClass@5609159b]" started-at="2023-05-27T13:13:12 IST" name="launch" finished-at="2023-05-27T13:13:23 IST" duration-ms="11109" status="PASS">
          <reporter-output>
          </reporter-output>
        </test-method> <!-- launch -->
        <test-method signature="test03()[pri:2, instance:Extest.TestClass@5609159b]" started-at="2023-05-27T13:13:23 IST" name="test03" finished-at="2023-05-27T13:13:57 IST" duration-ms="33625" status="PASS">
          <reporter-output>
          </reporter-output>
        </test-method> <!-- test03 -->
        <test-method is-config="true" signature="launch()[pri:0, instance:Extest.TestClass@5609159b]" started-at="2023-05-27T13:13:57 IST" name="launch" finished-at="2023-05-27T13:14:27 IST" duration-ms="30043" status="PASS">
          <reporter-output>
          </reporter-output>
        </test-method> <!-- launch -->
        <test-method signature="test04()[pri:3, instance:Extest.TestClass@5609159b]" started-at="2023-05-27T13:14:27 IST" name="test04" finished-at="2023-05-27T13:14:45 IST" duration-ms="18132" status="PASS">
          <reporter-output>
          </reporter-output>
        </test-method> <!-- test04 -->
        <test-method is-config="true" signature="launch()[pri:0, instance:Extest.TestClass@5609159b]" started-at="2023-05-27T13:14:45 IST" name="launch" finished-at="2023-05-27T13:14:55 IST" duration-ms="10259" status="PASS">
          <reporter-output>
          </reporter-output>
        </test-method> <!-- launch -->
        <test-method signature="changeLang()[pri:5, instance:Extest.TestClass@5609159b]" started-at="2023-05-27T13:14:55 IST" name="changeLang" finished-at="2023-05-27T13:15:25 IST" duration-ms="29562" status="PASS">
          <reporter-output>
          </reporter-output>
        </test-method> <!-- changeLang -->
        <test-method is-config="true" signature="launch()[pri:0, instance:Extest.TestClass@5609159b]" started-at="2023-05-27T13:15:25 IST" name="launch" finished-at="2023-05-27T13:15:51 IST" duration-ms="26124" status="PASS">
          <reporter-output>
          </reporter-output>
        </test-method> <!-- launch -->
        <test-method signature="closeSwipeApp()[pri:6, instance:Extest.TestClass@5609159b]" started-at="2023-05-27T13:15:51 IST" name="closeSwipeApp" finished-at="2023-05-27T13:15:54 IST" duration-ms="3170" status="PASS">
          <reporter-output>
          </reporter-output>
        </test-method> <!-- closeSwipeApp -->
        <test-method is-config="true" signature="close()[pri:0, instance:Extest.TestClass@5609159b]" started-at="2023-05-27T13:15:54 IST" name="close" finished-at="2023-05-27T13:15:54 IST" duration-ms="216" status="PASS">
          <reporter-output>
          </reporter-output>
        </test-method> <!-- close -->
      </class> <!-- Extest.TestClass -->
    </test> <!-- Test -->
  </suite> <!-- Suite -->
</testng-results>
